\BOOKMARK [1][-]{section.1}{Wymagania funkcjonalne}{}% 1
\BOOKMARK [2][-]{subsection.1.1}{Pracownicy}{section.1}% 2
\BOOKMARK [2][-]{subsection.1.2}{Zarzadzanie wnioskami}{section.1}% 3
\BOOKMARK [2][-]{subsection.1.3}{Zarzadzanie meldunkami}{section.1}% 4
\BOOKMARK [1][-]{section.2}{Wymagania niefunkcjonalne}{}% 5
\BOOKMARK [1][-]{section.3}{Aktorzy}{}% 6
\BOOKMARK [1][-]{section.4}{Diagram przypadk\363w uzycia}{}% 7
\BOOKMARK [1][-]{section.5}{Scenariusze przypadk\363w uzycia}{}% 8
\BOOKMARK [2][-]{subsection.5.1}{Stworzenie konta pracownika}{section.5}% 9
\BOOKMARK [2][-]{subsection.5.2}{Usuniecie konta pracownika}{section.5}% 10
\BOOKMARK [2][-]{subsection.5.3}{Edycja konta pracownika}{section.5}% 11
\BOOKMARK [2][-]{subsection.5.4}{Zalogowanie}{section.5}% 12
\BOOKMARK [2][-]{subsection.5.5}{Wylogowanie}{section.5}% 13
\BOOKMARK [2][-]{subsection.5.6}{Dodanie wniosku}{section.5}% 14
\BOOKMARK [2][-]{subsection.5.7}{Edycja danych wniosku}{section.5}% 15
\BOOKMARK [2][-]{subsection.5.8}{Wyswietlanie wniosk\363w}{section.5}% 16
\BOOKMARK [2][-]{subsection.5.9}{Zmiana kryterium wyswietlania wniosk\363w}{section.5}% 17
\BOOKMARK [2][-]{subsection.5.10}{Zmiana statusu wniosku}{section.5}% 18
\BOOKMARK [2][-]{subsection.5.11}{Dodanie meldunku}{section.5}% 19
\BOOKMARK [2][-]{subsection.5.12}{Wyswietlanie meldunk\363w}{section.5}% 20
\BOOKMARK [2][-]{subsection.5.13}{Zmiana kryterium wyswietlania meldunk\363w}{section.5}% 21
\BOOKMARK [2][-]{subsection.5.14}{Edycja danych meldunku}{section.5}% 22
\BOOKMARK [2][-]{subsection.5.15}{Sprawdzenie poprawnosci danych}{section.5}% 23
